[debug] [2020-06-16T12:31:29.328Z] ----------------------------------------------------------------------
[debug] [2020-06-16T12:31:29.330Z] Command:       /usr/local/bin/node /Users/jibikiyuki/.npm-global/bin/firebase deploy --debug
[debug] [2020-06-16T12:31:29.330Z] CLI Version:   8.4.2
[debug] [2020-06-16T12:31:29.330Z] Platform:      darwin
[debug] [2020-06-16T12:31:29.330Z] Node Version:  v12.12.0
[debug] [2020-06-16T12:31:29.337Z] Time:          Tue Jun 16 2020 21:31:29 GMT+0900 (GMT+09:00)
[debug] [2020-06-16T12:31:29.337Z] ----------------------------------------------------------------------
[debug] [2020-06-16T12:31:29.337Z] 
[debug] [2020-06-16T12:31:29.348Z] > command requires scopes: ["email","openid","https://www.googleapis.com/auth/cloudplatformprojects.readonly","https://www.googleapis.com/auth/firebase","https://www.googleapis.com/auth/cloud-platform"]
[debug] [2020-06-16T12:31:29.349Z] > authorizing via signed-in user
[debug] [2020-06-16T12:31:29.349Z] [iam] checking project tuschedule-db5f8 for permissions ["cloudfunctions.functions.create","cloudfunctions.functions.delete","cloudfunctions.functions.get","cloudfunctions.functions.list","cloudfunctions.functions.update","cloudfunctions.operations.get","firebase.projects.get","firebasehosting.sites.update"]
[debug] [2020-06-16T12:31:29.352Z] >>> HTTP REQUEST POST https://cloudresourcemanager.googleapis.com/v1/projects/tuschedule-db5f8:testIamPermissions  
 {"permissions":["cloudfunctions.functions.create","cloudfunctions.functions.delete","cloudfunctions.functions.get","cloudfunctions.functions.list","cloudfunctions.functions.update","cloudfunctions.operations.get","firebase.projects.get","firebasehosting.sites.update"]}
[debug] [2020-06-16T12:31:30.078Z] <<< HTTP RESPONSE 200 {"content-type":"application/json; charset=UTF-8","vary":"X-Origin, Referer, Origin,Accept-Encoding","date":"Tue, 16 Jun 2020 12:31:30 GMT","server":"ESF","cache-control":"private","x-xss-protection":"0","x-frame-options":"SAMEORIGIN","x-content-type-options":"nosniff","server-timing":"gfet4t7; dur=576","alt-svc":"h3-28=\":443\"; ma=2592000,h3-27=\":443\"; ma=2592000,h3-25=\":443\"; ma=2592000,h3-T050=\":443\"; ma=2592000,h3-Q050=\":443\"; ma=2592000,h3-Q049=\":443\"; ma=2592000,h3-Q048=\":443\"; ma=2592000,h3-Q046=\":443\"; ma=2592000,h3-Q043=\":443\"; ma=2592000,quic=\":443\"; ma=2592000; v=\"46,43\"","accept-ranges":"none","transfer-encoding":"chunked"}
[debug] [2020-06-16T12:31:30.080Z] >>> HTTP REQUEST POST https://iam.googleapis.com/v1/projects/tuschedule-db5f8/serviceAccounts/tuschedule-db5f8@appspot.gserviceaccount.com:testIamPermissions  
 {"permissions":["iam.serviceAccounts.actAs"]}
[debug] [2020-06-16T12:31:30.994Z] <<< HTTP RESPONSE 200 {"content-type":"application/json; charset=UTF-8","vary":"X-Origin, Referer, Origin,Accept-Encoding","date":"Tue, 16 Jun 2020 12:31:30 GMT","server":"ESF","cache-control":"private","x-xss-protection":"0","x-frame-options":"SAMEORIGIN","x-content-type-options":"nosniff","alt-svc":"h3-27=\":443\"; ma=2592000,h3-25=\":443\"; ma=2592000,h3-T050=\":443\"; ma=2592000,h3-Q050=\":443\"; ma=2592000,h3-Q049=\":443\"; ma=2592000,h3-Q048=\":443\"; ma=2592000,h3-Q046=\":443\"; ma=2592000,h3-Q043=\":443\"; ma=2592000,quic=\":443\"; ma=2592000; v=\"46,43\"","accept-ranges":"none","transfer-encoding":"chunked"}
[debug] [2020-06-16T12:31:30.996Z] >>> HTTP REQUEST GET https://firebase.googleapis.com/v1beta1/projects/tuschedule-db5f8  
 
[debug] [2020-06-16T12:31:31.712Z] <<< HTTP RESPONSE 200 {"content-type":"application/json; charset=UTF-8","vary":"X-Origin, Referer, Origin,Accept-Encoding","date":"Tue, 16 Jun 2020 12:31:31 GMT","server":"ESF","cache-control":"private","x-xss-protection":"0","x-frame-options":"SAMEORIGIN","x-content-type-options":"nosniff","alt-svc":"h3-28=\":443\"; ma=2592000,h3-27=\":443\"; ma=2592000,h3-25=\":443\"; ma=2592000,h3-T050=\":443\"; ma=2592000,h3-Q050=\":443\"; ma=2592000,h3-Q049=\":443\"; ma=2592000,h3-Q048=\":443\"; ma=2592000,h3-Q046=\":443\"; ma=2592000,h3-Q043=\":443\"; ma=2592000,quic=\":443\"; ma=2592000; v=\"46,43\"","accept-ranges":"none","transfer-encoding":"chunked"}
[info] 
[info] === Deploying to 'tuschedule-db5f8'...
[info] 
[info] i  deploying functions, hosting 
[info] Running command: npm --prefix "$PROJECT_DIR" install
[info] Running command: npm --prefix "$PROJECT_DIR" run build
[info] ✔  functions: Finished running predeploy script. 
[debug] [2020-06-16T12:31:51.300Z] > [functions] package.json contents: {
  "name": "with-firebase-hosting",
  "version": "5.0.0",
  "description": "Host Next.js SSR app on Firebase Cloud Functions with Firebase Hosting redirects.",
  "engines": {
    "node": "10"
  },
  "main": "firebaseFunctions.js",
  "scripts": {
    "dev": "node src/server.ts NODE_ENV=development",
    "build": "next build src/",
    "start": "next start src/",
    "serve": "npm run build && firebase emulators:start --only functions,hosting",
    "shell": "npm run build && firebase functions:shell",
    "deploy": "firebase deploy --only functions,hosting",
    "logs": "firebase functions:log"
  },
  "dependencies": {
    "@material-ui/core": "^4.10.2",
    "@material-ui/icons": "^4.9.1",
    "@types/styled-components": "^5.1.0",
    "@zeit/next-sass": "^1.0.1",
    "axios": "^0.19.2",
    "dotenv": "^8.2.0",
    "express": "^4.17.1",
    "firebase-admin": "^8.9.0",
    "firebase-functions": "^3.3.0",
    "next": "^9.3.4",
    "node-sass": "^4.14.1",
    "react": "^16.13.1",
    "react-dom": "^16.13.1",
    "styled-components": "^5.1.1"
  },
  "devDependencies": {
    "@babel/preset-env": "^7.10.2",
    "@types/node": "^14.0.13",
    "@types/react": "^16.9.36",
    "firebase-functions-test": "^0.1.6",
    "firebase-tools": "^8.0.1",
    "http-proxy-middleware": "^1.0.4",
    "typescript": "^3.9.5"
  }
}
[info] i  functions: ensuring required API cloudfunctions.googleapis.com is enabled... 
[debug] [2020-06-16T12:31:54.179Z] [functions] runtime dependency check dates: warning: 2020-05-21T00:00:00.000Z error: 2020-06-23T00:00:00.000Z
[info] i  functions: ensuring required API cloudbuild.googleapis.com is enabled... 
[debug] [2020-06-16T12:31:54.180Z] >>> HTTP REQUEST GET https://serviceusage.googleapis.com/v1/projects/tuschedule-db5f8/services/cloudfunctions.googleapis.com  
 
[debug] [2020-06-16T12:31:54.180Z] >>> HTTP REQUEST GET https://serviceusage.googleapis.com/v1/projects/tuschedule-db5f8/services/runtimeconfig.googleapis.com  
 
[debug] [2020-06-16T12:31:54.180Z] >>> HTTP REQUEST GET https://serviceusage.googleapis.com/v1/projects/tuschedule-db5f8/services/cloudbuild.googleapis.com  
 
[debug] [2020-06-16T12:31:55.164Z] <<< HTTP RESPONSE 200 {"content-type":"application/json; charset=UTF-8","vary":"X-Origin, Referer, Origin,Accept-Encoding","date":"Tue, 16 Jun 2020 12:31:55 GMT","server":"ESF","cache-control":"private","x-xss-protection":"0","x-frame-options":"SAMEORIGIN","x-content-type-options":"nosniff","alt-svc":"h3-27=\":443\"; ma=2592000,h3-25=\":443\"; ma=2592000,h3-T050=\":443\"; ma=2592000,h3-Q050=\":443\"; ma=2592000,h3-Q049=\":443\"; ma=2592000,h3-Q048=\":443\"; ma=2592000,h3-Q046=\":443\"; ma=2592000,h3-Q043=\":443\"; ma=2592000,quic=\":443\"; ma=2592000; v=\"46,43\"","accept-ranges":"none","transfer-encoding":"chunked"}
[debug] [2020-06-16T12:31:55.168Z] <<< HTTP RESPONSE 200 {"content-type":"application/json; charset=UTF-8","vary":"X-Origin, Referer, Origin,Accept-Encoding","date":"Tue, 16 Jun 2020 12:31:55 GMT","server":"ESF","cache-control":"private","x-xss-protection":"0","x-frame-options":"SAMEORIGIN","x-content-type-options":"nosniff","alt-svc":"h3-27=\":443\"; ma=2592000,h3-25=\":443\"; ma=2592000,h3-T050=\":443\"; ma=2592000,h3-Q050=\":443\"; ma=2592000,h3-Q049=\":443\"; ma=2592000,h3-Q048=\":443\"; ma=2592000,h3-Q046=\":443\"; ma=2592000,h3-Q043=\":443\"; ma=2592000,quic=\":443\"; ma=2592000; v=\"46,43\"","accept-ranges":"none","transfer-encoding":"chunked"}
[warn] ⚠  functions: missing required API cloudbuild.googleapis.com. Enabling now... 
[debug] [2020-06-16T12:31:55.169Z] >>> HTTP REQUEST POST https://serviceusage.googleapis.com/v1/projects/tuschedule-db5f8/services/cloudbuild.googleapis.com:enable  
 
[debug] [2020-06-16T12:31:55.171Z] <<< HTTP RESPONSE 200 {"content-type":"application/json; charset=UTF-8","vary":"X-Origin, Referer, Origin,Accept-Encoding","date":"Tue, 16 Jun 2020 12:31:55 GMT","server":"ESF","cache-control":"private","x-xss-protection":"0","x-frame-options":"SAMEORIGIN","x-content-type-options":"nosniff","alt-svc":"h3-27=\":443\"; ma=2592000,h3-25=\":443\"; ma=2592000,h3-T050=\":443\"; ma=2592000,h3-Q050=\":443\"; ma=2592000,h3-Q049=\":443\"; ma=2592000,h3-Q048=\":443\"; ma=2592000,h3-Q046=\":443\"; ma=2592000,h3-Q043=\":443\"; ma=2592000,quic=\":443\"; ma=2592000; v=\"46,43\"","accept-ranges":"none","transfer-encoding":"chunked"}
[info] ✔  functions: required API cloudfunctions.googleapis.com is enabled 
[debug] [2020-06-16T12:31:56.192Z] <<< HTTP RESPONSE 400 {"vary":"X-Origin, Referer, Origin,Accept-Encoding","content-type":"application/json; charset=UTF-8","date":"Tue, 16 Jun 2020 12:31:56 GMT","server":"ESF","cache-control":"private","x-xss-protection":"0","x-frame-options":"SAMEORIGIN","x-content-type-options":"nosniff","alt-svc":"h3-27=\":443\"; ma=2592000,h3-25=\":443\"; ma=2592000,h3-T050=\":443\"; ma=2592000,h3-Q050=\":443\"; ma=2592000,h3-Q049=\":443\"; ma=2592000,h3-Q048=\":443\"; ma=2592000,h3-Q046=\":443\"; ma=2592000,h3-Q043=\":443\"; ma=2592000,quic=\":443\"; ma=2592000; v=\"46,43\"","accept-ranges":"none","transfer-encoding":"chunked"}
[debug] [2020-06-16T12:31:56.193Z] <<< HTTP RESPONSE BODY {"error":{"code":400,"message":"Billing must be enabled for activation of service '[cloudbuild.googleapis.com, containerregistry.googleapis.com]' in project '446390665351' to proceed.","status":"FAILED_PRECONDITION","details":[{"@type":"type.googleapis.com/google.rpc.PreconditionFailure","violations":[{"type":"serviceusage/billing-enabled","subject":"446390665351","description":"billing-enabled: Project's billing account is not found. https://console.developers.google.com/project/446390665351/settings"}]}]}}
[warn] 
[warn] ⚠  functions: Cloud Functions will soon require the pay-as-you-go (Blaze) billing plan to deploy. To avoid service disruption, upgrade before 2020-06-23. For more information, see: https://firebase.google.com/support/faq#functions-runtime 
[warn] 
[debug] [2020-06-16T12:31:56.200Z] >>> HTTP REQUEST GET https://firebase.googleapis.com/v1beta1/projects/tuschedule-db5f8/adminSdkConfig  
 
[debug] [2020-06-16T12:31:56.596Z] <<< HTTP RESPONSE 200 {"content-type":"application/json; charset=UTF-8","vary":"X-Origin, Referer, Origin,Accept-Encoding","date":"Tue, 16 Jun 2020 12:31:56 GMT","server":"ESF","cache-control":"private","x-xss-protection":"0","x-frame-options":"SAMEORIGIN","x-content-type-options":"nosniff","alt-svc":"h3-28=\":443\"; ma=2592000,h3-27=\":443\"; ma=2592000,h3-25=\":443\"; ma=2592000,h3-T050=\":443\"; ma=2592000,h3-Q050=\":443\"; ma=2592000,h3-Q049=\":443\"; ma=2592000,h3-Q048=\":443\"; ma=2592000,h3-Q046=\":443\"; ma=2592000,h3-Q043=\":443\"; ma=2592000,quic=\":443\"; ma=2592000; v=\"46,43\"","accept-ranges":"none","transfer-encoding":"chunked"}
[debug] [2020-06-16T12:31:56.599Z] >>> HTTP REQUEST POST https://firebasehosting.googleapis.com/v1beta1/sites/tuschedule-db5f8/versions  
 {"config":{"rewrites":[{"glob":"**","function":"nextjsFunc"}]},"labels":{"deployment-tool":"cli-firebase"}}
[debug] [2020-06-16T12:31:58.127Z] <<< HTTP RESPONSE 200 {"content-type":"application/json; charset=UTF-8","vary":"X-Origin, Referer, Origin,Accept-Encoding","date":"Tue, 16 Jun 2020 12:31:57 GMT","server":"ESF","cache-control":"private","x-xss-protection":"0","x-frame-options":"SAMEORIGIN","x-content-type-options":"nosniff","alt-svc":"h3-28=\":443\"; ma=2592000,h3-27=\":443\"; ma=2592000,h3-25=\":443\"; ma=2592000,h3-T050=\":443\"; ma=2592000,h3-Q050=\":443\"; ma=2592000,h3-Q049=\":443\"; ma=2592000,h3-Q048=\":443\"; ma=2592000,h3-Q046=\":443\"; ma=2592000,h3-Q043=\":443\"; ma=2592000,quic=\":443\"; ma=2592000; v=\"46,43\"","accept-ranges":"none","transfer-encoding":"chunked"}
[info] i  functions: preparing . directory for uploading... 
[debug] [2020-06-16T12:31:58.130Z] >>> HTTP REQUEST GET https://runtimeconfig.googleapis.com/v1beta1/projects/tuschedule-db5f8/configs  
 
[debug] [2020-06-16T12:31:58.599Z] <<< HTTP RESPONSE 200 {"content-type":"application/json; charset=UTF-8","vary":"X-Origin, Referer, Origin,Accept-Encoding","date":"Tue, 16 Jun 2020 12:31:58 GMT","server":"ESF","cache-control":"private","x-xss-protection":"0","x-frame-options":"SAMEORIGIN","x-content-type-options":"nosniff","alt-svc":"h3-27=\":443\"; ma=2592000,h3-25=\":443\"; ma=2592000,h3-T050=\":443\"; ma=2592000,h3-Q050=\":443\"; ma=2592000,h3-Q049=\":443\"; ma=2592000,h3-Q048=\":443\"; ma=2592000,h3-Q046=\":443\"; ma=2592000,h3-Q043=\":443\"; ma=2592000,quic=\":443\"; ma=2592000; v=\"46,43\"","accept-ranges":"none","transfer-encoding":"chunked"}
[info] i  functions: packaged . (10.39 MB) for uploading 
[debug] [2020-06-16T12:32:01.906Z] >>> HTTP REQUEST GET https://cloudfunctions.googleapis.com/v1/projects/tuschedule-db5f8/locations/-/functions  
 
[debug] [2020-06-16T12:32:02.605Z] <<< HTTP RESPONSE 200 {"content-type":"application/json; charset=UTF-8","vary":"X-Origin, Referer, Origin,Accept-Encoding","date":"Tue, 16 Jun 2020 12:32:02 GMT","server":"ESF","cache-control":"private","x-xss-protection":"0","x-frame-options":"SAMEORIGIN","x-content-type-options":"nosniff","alt-svc":"h3-27=\":443\"; ma=2592000,h3-25=\":443\"; ma=2592000,h3-T050=\":443\"; ma=2592000,h3-Q050=\":443\"; ma=2592000,h3-Q049=\":443\"; ma=2592000,h3-Q048=\":443\"; ma=2592000,h3-Q046=\":443\"; ma=2592000,h3-Q043=\":443\"; ma=2592000,quic=\":443\"; ma=2592000; v=\"46,43\"","accept-ranges":"none","transfer-encoding":"chunked"}
[debug] [2020-06-16T12:32:02.609Z] >>> HTTP REQUEST POST https://cloudfunctions.googleapis.com/v1/projects/tuschedule-db5f8/locations/us-central1/functions:generateUploadUrl  
 
[debug] [2020-06-16T12:32:03.495Z] <<< HTTP RESPONSE 200 {"content-type":"application/json; charset=UTF-8","vary":"X-Origin, Referer, Origin,Accept-Encoding","date":"Tue, 16 Jun 2020 12:32:03 GMT","server":"ESF","cache-control":"private","x-xss-protection":"0","x-frame-options":"SAMEORIGIN","x-content-type-options":"nosniff","alt-svc":"h3-27=\":443\"; ma=2592000,h3-25=\":443\"; ma=2592000,h3-T050=\":443\"; ma=2592000,h3-Q050=\":443\"; ma=2592000,h3-Q049=\":443\"; ma=2592000,h3-Q048=\":443\"; ma=2592000,h3-Q046=\":443\"; ma=2592000,h3-Q043=\":443\"; ma=2592000,quic=\":443\"; ma=2592000; v=\"46,43\"","accept-ranges":"none","transfer-encoding":"chunked"}
[debug] [2020-06-16T12:32:03.496Z] >>> HTTP REQUEST PUT https://storage.googleapis.com/gcf-upload-us-central1-9e7f1c7e-54a4-4fe3-96b0-65e49f15a10a/e73b2dcc-aa3a-4a95-af86-a271a8aa2424.zip?GoogleAccessId=service-446390665351@gcf-admin-robot.iam.gserviceaccount.com&Expires=1592312523&Signature=osay2QYoXxNCVRw40lkl433EBYSfD7xCNYvaVLpXf5NAisTP5TRqInRyoVfiXfGQcief5Huf0dUffo9voBITgwwhRsAIBvEGQONfxQi5qX%2FFhFHBUY6eGfxU59PfGL3MuVK15MKttvG3hkMRXSUEMzW3G78nBmScoJPdm2lXliyLl2f2kYXwsUhakiO6U0ZYUt4VQPZHCJ1bDoyz8MEdyz6xOHkb7U8bdZdIQPhls8y%2FrXpYlTfnLuQpxUpPjXOGHJRVEtos5vVGFHqAnN43RiTIZvx0uP0OOEvrtsXgTLWlUrpLSV8huVDjX8Neg0nJshEIgayf9rRLIrta%2FoGMgw%3D%3D  
 <request body omitted>
[debug] [2020-06-16T12:32:06.322Z] <<< HTTP RESPONSE 200 {"x-guploader-uploadid":"AAANsUkLjdup1mHBSLZxjFhT1vowmiraCkdX4cuC6tyLuYHdIYlOgnjIauBBjjLhJIlewN9AE7pIv1rHJW7e0JtIZvU","etag":"\"66aaf8d054be7dca105a33bbe8db217f\"","x-goog-generation":"1592310726226851","x-goog-metageneration":"1","x-goog-hash":"crc32c=J6WE0g==, md5=Zqr40FS+fcoQWjO76Nshfw==","x-goog-stored-content-length":"10896343","x-goog-stored-content-encoding":"identity","vary":"Origin","content-length":"0","date":"Tue, 16 Jun 2020 12:32:06 GMT","server":"UploadServer","content-type":"text/html; charset=UTF-8","alt-svc":"h3-28=\":443\"; ma=2592000,h3-27=\":443\"; ma=2592000,h3-25=\":443\"; ma=2592000,h3-T050=\":443\"; ma=2592000,h3-Q050=\":443\"; ma=2592000,h3-Q049=\":443\"; ma=2592000,h3-Q048=\":443\"; ma=2592000,h3-Q046=\":443\"; ma=2592000,h3-Q043=\":443\"; ma=2592000,quic=\":443\"; ma=2592000; v=\"46,43\""}
[info] ✔  functions: . folder uploaded successfully 
[info] i  hosting[tuschedule-db5f8]: beginning deploy... 
[info] i  hosting[tuschedule-db5f8]: found 0 files in public 
[debug] [2020-06-16T12:32:06.328Z] [hosting] hash cache [cHVibGlj] not populated
[info] ✔  hosting[tuschedule-db5f8]: file upload complete 
[debug] [2020-06-16T12:32:06.330Z] [hosting] deploy completed after 6ms
[info] i  functions: updating Node.js 10 function nextjsFunc(us-central1)... 
[debug] [2020-06-16T12:32:06.412Z] Trigger is:  {"httpsTrigger":{}}
[debug] [2020-06-16T12:32:06.414Z] >>> HTTP REQUEST GET https://serviceusage.googleapis.com/v1/projects/tuschedule-db5f8/services/cloudscheduler.googleapis.com  
 
[debug] [2020-06-16T12:32:07.325Z] <<< HTTP RESPONSE 200 {"content-type":"application/json; charset=UTF-8","vary":"X-Origin, Referer, Origin,Accept-Encoding","date":"Tue, 16 Jun 2020 12:32:07 GMT","server":"ESF","cache-control":"private","x-xss-protection":"0","x-frame-options":"SAMEORIGIN","x-content-type-options":"nosniff","alt-svc":"h3-27=\":443\"; ma=2592000,h3-25=\":443\"; ma=2592000,h3-T050=\":443\"; ma=2592000,h3-Q050=\":443\"; ma=2592000,h3-Q049=\":443\"; ma=2592000,h3-Q048=\":443\"; ma=2592000,h3-Q046=\":443\"; ma=2592000,h3-Q043=\":443\"; ma=2592000,quic=\":443\"; ma=2592000; v=\"46,43\"","accept-ranges":"none","transfer-encoding":"chunked"}
[debug] [2020-06-16T12:32:07.327Z] >>> HTTP REQUEST PATCH https://cloudfunctions.googleapis.com/v1/projects/tuschedule-db5f8/locations/us-central1/functions/nextjsFunc {"updateMask":"sourceUploadUrl,name,labels,runtime,environmentVariables,httpsTrigger"} 
 {"sourceUploadUrl":"https://storage.googleapis.com/gcf-upload-us-central1-9e7f1c7e-54a4-4fe3-96b0-65e49f15a10a/e73b2dcc-aa3a-4a95-af86-a271a8aa2424.zip?GoogleAccessId=service-446390665351@gcf-admin-robot.iam.gserviceaccount.com&Expires=1592312523&Signature=osay2QYoXxNCVRw40lkl433EBYSfD7xCNYvaVLpXf5NAisTP5TRqInRyoVfiXfGQcief5Huf0dUffo9voBITgwwhRsAIBvEGQONfxQi5qX%2FFhFHBUY6eGfxU59PfGL3MuVK15MKttvG3hkMRXSUEMzW3G78nBmScoJPdm2lXliyLl2f2kYXwsUhakiO6U0ZYUt4VQPZHCJ1bDoyz8MEdyz6xOHkb7U8bdZdIQPhls8y%2FrXpYlTfnLuQpxUpPjXOGHJRVEtos5vVGFHqAnN43RiTIZvx0uP0OOEvrtsXgTLWlUrpLSV8huVDjX8Neg0nJshEIgayf9rRLIrta%2FoGMgw%3D%3D","name":"projects/tuschedule-db5f8/locations/us-central1/functions/nextjsFunc","labels":{"deployment-tool":"cli-firebase"},"httpsTrigger":{},"runtime":"nodejs10","environmentVariables":{"FIREBASE_CONFIG":"{\"projectId\":\"tuschedule-db5f8\",\"databaseURL\":\"https://tuschedule-db5f8.firebaseio.com\",\"storageBucket\":\"tuschedule-db5f8.appspot.com\"}"}}
[debug] [2020-06-16T12:32:08.367Z] <<< HTTP RESPONSE 200 {"content-type":"application/json; charset=UTF-8","vary":"X-Origin, Referer, Origin,Accept-Encoding","date":"Tue, 16 Jun 2020 12:32:08 GMT","server":"ESF","cache-control":"private","x-xss-protection":"0","x-frame-options":"SAMEORIGIN","x-content-type-options":"nosniff","alt-svc":"h3-27=\":443\"; ma=2592000,h3-25=\":443\"; ma=2592000,h3-T050=\":443\"; ma=2592000,h3-Q050=\":443\"; ma=2592000,h3-Q049=\":443\"; ma=2592000,h3-Q048=\":443\"; ma=2592000,h3-Q046=\":443\"; ma=2592000,h3-Q043=\":443\"; ma=2592000,quic=\":443\"; ma=2592000; v=\"46,43\"","accept-ranges":"none","transfer-encoding":"chunked"}
[debug] [2020-06-16T12:32:08.370Z] >>> HTTP REQUEST GET https://cloudfunctions.googleapis.com/v1/projects/tuschedule-db5f8/locations/-/functions  
 
[debug] [2020-06-16T12:32:08.884Z] <<< HTTP RESPONSE 200 {"content-type":"application/json; charset=UTF-8","vary":"X-Origin, Referer, Origin,Accept-Encoding","date":"Tue, 16 Jun 2020 12:32:08 GMT","server":"ESF","cache-control":"private","x-xss-protection":"0","x-frame-options":"SAMEORIGIN","x-content-type-options":"nosniff","alt-svc":"h3-27=\":443\"; ma=2592000,h3-25=\":443\"; ma=2592000,h3-T050=\":443\"; ma=2592000,h3-Q050=\":443\"; ma=2592000,h3-Q049=\":443\"; ma=2592000,h3-Q048=\":443\"; ma=2592000,h3-Q046=\":443\"; ma=2592000,h3-Q043=\":443\"; ma=2592000,quic=\":443\"; ma=2592000; v=\"46,43\"","accept-ranges":"none","transfer-encoding":"chunked"}
[debug] [2020-06-16T12:32:08.885Z] >>> HTTP REQUEST GET https://cloudfunctions.googleapis.com/v1/operations/dHVzY2hlZHVsZS1kYjVmOC91cy1jZW50cmFsMS9uZXh0anNGdW5jL09ESFlGQnlQNEJJ  
 
[debug] [2020-06-16T12:32:09.256Z] <<< HTTP RESPONSE 200 {"content-type":"application/json; charset=UTF-8","vary":"X-Origin, Referer, Origin,Accept-Encoding","date":"Tue, 16 Jun 2020 12:32:09 GMT","server":"ESF","cache-control":"private","x-xss-protection":"0","x-frame-options":"SAMEORIGIN","x-content-type-options":"nosniff","alt-svc":"h3-27=\":443\"; ma=2592000,h3-25=\":443\"; ma=2592000,h3-T050=\":443\"; ma=2592000,h3-Q050=\":443\"; ma=2592000,h3-Q049=\":443\"; ma=2592000,h3-Q048=\":443\"; ma=2592000,h3-Q046=\":443\"; ma=2592000,h3-Q043=\":443\"; ma=2592000,quic=\":443\"; ma=2592000; v=\"46,43\"","accept-ranges":"none","transfer-encoding":"chunked"}
[debug] [2020-06-16T12:32:11.260Z] >>> HTTP REQUEST GET https://cloudfunctions.googleapis.com/v1/operations/dHVzY2hlZHVsZS1kYjVmOC91cy1jZW50cmFsMS9uZXh0anNGdW5jL09ESFlGQnlQNEJJ  
 
[debug] [2020-06-16T12:32:11.646Z] <<< HTTP RESPONSE 200 {"content-type":"application/json; charset=UTF-8","vary":"X-Origin, Referer, Origin,Accept-Encoding","date":"Tue, 16 Jun 2020 12:32:11 GMT","server":"ESF","cache-control":"private","x-xss-protection":"0","x-frame-options":"SAMEORIGIN","x-content-type-options":"nosniff","alt-svc":"h3-27=\":443\"; ma=2592000,h3-25=\":443\"; ma=2592000,h3-T050=\":443\"; ma=2592000,h3-Q050=\":443\"; ma=2592000,h3-Q049=\":443\"; ma=2592000,h3-Q048=\":443\"; ma=2592000,h3-Q046=\":443\"; ma=2592000,h3-Q043=\":443\"; ma=2592000,quic=\":443\"; ma=2592000; v=\"46,43\"","accept-ranges":"none","transfer-encoding":"chunked"}
[debug] [2020-06-16T12:32:13.647Z] >>> HTTP REQUEST GET https://cloudfunctions.googleapis.com/v1/operations/dHVzY2hlZHVsZS1kYjVmOC91cy1jZW50cmFsMS9uZXh0anNGdW5jL09ESFlGQnlQNEJJ  
 
[debug] [2020-06-16T12:32:13.950Z] <<< HTTP RESPONSE 200 {"content-type":"application/json; charset=UTF-8","vary":"X-Origin, Referer, Origin,Accept-Encoding","date":"Tue, 16 Jun 2020 12:32:13 GMT","server":"ESF","cache-control":"private","x-xss-protection":"0","x-frame-options":"SAMEORIGIN","x-content-type-options":"nosniff","alt-svc":"h3-27=\":443\"; ma=2592000,h3-25=\":443\"; ma=2592000,h3-T050=\":443\"; ma=2592000,h3-Q050=\":443\"; ma=2592000,h3-Q049=\":443\"; ma=2592000,h3-Q048=\":443\"; ma=2592000,h3-Q046=\":443\"; ma=2592000,h3-Q043=\":443\"; ma=2592000,quic=\":443\"; ma=2592000; v=\"46,43\"","accept-ranges":"none","transfer-encoding":"chunked"}
[debug] [2020-06-16T12:32:15.952Z] >>> HTTP REQUEST GET https://cloudfunctions.googleapis.com/v1/operations/dHVzY2hlZHVsZS1kYjVmOC91cy1jZW50cmFsMS9uZXh0anNGdW5jL09ESFlGQnlQNEJJ  
 
[debug] [2020-06-16T12:32:16.360Z] <<< HTTP RESPONSE 200 {"content-type":"application/json; charset=UTF-8","vary":"X-Origin, Referer, Origin,Accept-Encoding","date":"Tue, 16 Jun 2020 12:32:16 GMT","server":"ESF","cache-control":"private","x-xss-protection":"0","x-frame-options":"SAMEORIGIN","x-content-type-options":"nosniff","alt-svc":"h3-27=\":443\"; ma=2592000,h3-25=\":443\"; ma=2592000,h3-T050=\":443\"; ma=2592000,h3-Q050=\":443\"; ma=2592000,h3-Q049=\":443\"; ma=2592000,h3-Q048=\":443\"; ma=2592000,h3-Q046=\":443\"; ma=2592000,h3-Q043=\":443\"; ma=2592000,quic=\":443\"; ma=2592000; v=\"46,43\"","accept-ranges":"none","transfer-encoding":"chunked"}
[debug] [2020-06-16T12:32:18.362Z] >>> HTTP REQUEST GET https://cloudfunctions.googleapis.com/v1/operations/dHVzY2hlZHVsZS1kYjVmOC91cy1jZW50cmFsMS9uZXh0anNGdW5jL09ESFlGQnlQNEJJ  
 
[debug] [2020-06-16T12:32:18.713Z] <<< HTTP RESPONSE 200 {"content-type":"application/json; charset=UTF-8","vary":"X-Origin, Referer, Origin,Accept-Encoding","date":"Tue, 16 Jun 2020 12:32:18 GMT","server":"ESF","cache-control":"private","x-xss-protection":"0","x-frame-options":"SAMEORIGIN","x-content-type-options":"nosniff","alt-svc":"h3-27=\":443\"; ma=2592000,h3-25=\":443\"; ma=2592000,h3-T050=\":443\"; ma=2592000,h3-Q050=\":443\"; ma=2592000,h3-Q049=\":443\"; ma=2592000,h3-Q048=\":443\"; ma=2592000,h3-Q046=\":443\"; ma=2592000,h3-Q043=\":443\"; ma=2592000,quic=\":443\"; ma=2592000; v=\"46,43\"","accept-ranges":"none","transfer-encoding":"chunked"}
[debug] [2020-06-16T12:32:20.716Z] >>> HTTP REQUEST GET https://cloudfunctions.googleapis.com/v1/operations/dHVzY2hlZHVsZS1kYjVmOC91cy1jZW50cmFsMS9uZXh0anNGdW5jL09ESFlGQnlQNEJJ  
 
[debug] [2020-06-16T12:32:21.069Z] <<< HTTP RESPONSE 200 {"content-type":"application/json; charset=UTF-8","vary":"X-Origin, Referer, Origin,Accept-Encoding","date":"Tue, 16 Jun 2020 12:32:21 GMT","server":"ESF","cache-control":"private","x-xss-protection":"0","x-frame-options":"SAMEORIGIN","x-content-type-options":"nosniff","alt-svc":"h3-27=\":443\"; ma=2592000,h3-25=\":443\"; ma=2592000,h3-T050=\":443\"; ma=2592000,h3-Q050=\":443\"; ma=2592000,h3-Q049=\":443\"; ma=2592000,h3-Q048=\":443\"; ma=2592000,h3-Q046=\":443\"; ma=2592000,h3-Q043=\":443\"; ma=2592000,quic=\":443\"; ma=2592000; v=\"46,43\"","accept-ranges":"none","transfer-encoding":"chunked"}
[debug] [2020-06-16T12:32:23.076Z] >>> HTTP REQUEST GET https://cloudfunctions.googleapis.com/v1/operations/dHVzY2hlZHVsZS1kYjVmOC91cy1jZW50cmFsMS9uZXh0anNGdW5jL09ESFlGQnlQNEJJ  
 
[debug] [2020-06-16T12:32:23.525Z] <<< HTTP RESPONSE 200 {"content-type":"application/json; charset=UTF-8","vary":"X-Origin, Referer, Origin,Accept-Encoding","date":"Tue, 16 Jun 2020 12:32:23 GMT","server":"ESF","cache-control":"private","x-xss-protection":"0","x-frame-options":"SAMEORIGIN","x-content-type-options":"nosniff","alt-svc":"h3-27=\":443\"; ma=2592000,h3-25=\":443\"; ma=2592000,h3-T050=\":443\"; ma=2592000,h3-Q050=\":443\"; ma=2592000,h3-Q049=\":443\"; ma=2592000,h3-Q048=\":443\"; ma=2592000,h3-Q046=\":443\"; ma=2592000,h3-Q043=\":443\"; ma=2592000,quic=\":443\"; ma=2592000; v=\"46,43\"","accept-ranges":"none","transfer-encoding":"chunked"}
[debug] [2020-06-16T12:32:25.530Z] >>> HTTP REQUEST GET https://cloudfunctions.googleapis.com/v1/operations/dHVzY2hlZHVsZS1kYjVmOC91cy1jZW50cmFsMS9uZXh0anNGdW5jL09ESFlGQnlQNEJJ  
 
[debug] [2020-06-16T12:32:25.881Z] <<< HTTP RESPONSE 200 {"content-type":"application/json; charset=UTF-8","vary":"X-Origin, Referer, Origin,Accept-Encoding","date":"Tue, 16 Jun 2020 12:32:25 GMT","server":"ESF","cache-control":"private","x-xss-protection":"0","x-frame-options":"SAMEORIGIN","x-content-type-options":"nosniff","alt-svc":"h3-27=\":443\"; ma=2592000,h3-25=\":443\"; ma=2592000,h3-T050=\":443\"; ma=2592000,h3-Q050=\":443\"; ma=2592000,h3-Q049=\":443\"; ma=2592000,h3-Q048=\":443\"; ma=2592000,h3-Q046=\":443\"; ma=2592000,h3-Q043=\":443\"; ma=2592000,quic=\":443\"; ma=2592000; v=\"46,43\"","accept-ranges":"none","transfer-encoding":"chunked"}
[debug] [2020-06-16T12:32:27.887Z] >>> HTTP REQUEST GET https://cloudfunctions.googleapis.com/v1/operations/dHVzY2hlZHVsZS1kYjVmOC91cy1jZW50cmFsMS9uZXh0anNGdW5jL09ESFlGQnlQNEJJ  
 
[debug] [2020-06-16T12:32:28.201Z] <<< HTTP RESPONSE 200 {"content-type":"application/json; charset=UTF-8","vary":"X-Origin, Referer, Origin,Accept-Encoding","date":"Tue, 16 Jun 2020 12:32:28 GMT","server":"ESF","cache-control":"private","x-xss-protection":"0","x-frame-options":"SAMEORIGIN","x-content-type-options":"nosniff","alt-svc":"h3-27=\":443\"; ma=2592000,h3-25=\":443\"; ma=2592000,h3-T050=\":443\"; ma=2592000,h3-Q050=\":443\"; ma=2592000,h3-Q049=\":443\"; ma=2592000,h3-Q048=\":443\"; ma=2592000,h3-Q046=\":443\"; ma=2592000,h3-Q043=\":443\"; ma=2592000,quic=\":443\"; ma=2592000; v=\"46,43\"","accept-ranges":"none","transfer-encoding":"chunked"}
[debug] [2020-06-16T12:32:30.206Z] >>> HTTP REQUEST GET https://cloudfunctions.googleapis.com/v1/operations/dHVzY2hlZHVsZS1kYjVmOC91cy1jZW50cmFsMS9uZXh0anNGdW5jL09ESFlGQnlQNEJJ  
 
[debug] [2020-06-16T12:32:30.592Z] <<< HTTP RESPONSE 200 {"content-type":"application/json; charset=UTF-8","vary":"X-Origin, Referer, Origin,Accept-Encoding","date":"Tue, 16 Jun 2020 12:32:30 GMT","server":"ESF","cache-control":"private","x-xss-protection":"0","x-frame-options":"SAMEORIGIN","x-content-type-options":"nosniff","alt-svc":"h3-27=\":443\"; ma=2592000,h3-25=\":443\"; ma=2592000,h3-T050=\":443\"; ma=2592000,h3-Q050=\":443\"; ma=2592000,h3-Q049=\":443\"; ma=2592000,h3-Q048=\":443\"; ma=2592000,h3-Q046=\":443\"; ma=2592000,h3-Q043=\":443\"; ma=2592000,quic=\":443\"; ma=2592000; v=\"46,43\"","accept-ranges":"none","transfer-encoding":"chunked"}
[debug] [2020-06-16T12:32:32.594Z] >>> HTTP REQUEST GET https://cloudfunctions.googleapis.com/v1/operations/dHVzY2hlZHVsZS1kYjVmOC91cy1jZW50cmFsMS9uZXh0anNGdW5jL09ESFlGQnlQNEJJ  
 
[debug] [2020-06-16T12:32:32.884Z] <<< HTTP RESPONSE 200 {"content-type":"application/json; charset=UTF-8","vary":"X-Origin, Referer, Origin,Accept-Encoding","date":"Tue, 16 Jun 2020 12:32:32 GMT","server":"ESF","cache-control":"private","x-xss-protection":"0","x-frame-options":"SAMEORIGIN","x-content-type-options":"nosniff","alt-svc":"h3-27=\":443\"; ma=2592000,h3-25=\":443\"; ma=2592000,h3-T050=\":443\"; ma=2592000,h3-Q050=\":443\"; ma=2592000,h3-Q049=\":443\"; ma=2592000,h3-Q048=\":443\"; ma=2592000,h3-Q046=\":443\"; ma=2592000,h3-Q043=\":443\"; ma=2592000,quic=\":443\"; ma=2592000; v=\"46,43\"","accept-ranges":"none","transfer-encoding":"chunked"}
[debug] [2020-06-16T12:32:34.887Z] >>> HTTP REQUEST GET https://cloudfunctions.googleapis.com/v1/operations/dHVzY2hlZHVsZS1kYjVmOC91cy1jZW50cmFsMS9uZXh0anNGdW5jL09ESFlGQnlQNEJJ  
 
[debug] [2020-06-16T12:32:35.301Z] <<< HTTP RESPONSE 200 {"content-type":"application/json; charset=UTF-8","vary":"X-Origin, Referer, Origin,Accept-Encoding","date":"Tue, 16 Jun 2020 12:32:35 GMT","server":"ESF","cache-control":"private","x-xss-protection":"0","x-frame-options":"SAMEORIGIN","x-content-type-options":"nosniff","alt-svc":"h3-27=\":443\"; ma=2592000,h3-25=\":443\"; ma=2592000,h3-T050=\":443\"; ma=2592000,h3-Q050=\":443\"; ma=2592000,h3-Q049=\":443\"; ma=2592000,h3-Q048=\":443\"; ma=2592000,h3-Q046=\":443\"; ma=2592000,h3-Q043=\":443\"; ma=2592000,quic=\":443\"; ma=2592000; v=\"46,43\"","accept-ranges":"none","transfer-encoding":"chunked"}
[debug] [2020-06-16T12:32:37.305Z] >>> HTTP REQUEST GET https://cloudfunctions.googleapis.com/v1/operations/dHVzY2hlZHVsZS1kYjVmOC91cy1jZW50cmFsMS9uZXh0anNGdW5jL09ESFlGQnlQNEJJ  
 
[debug] [2020-06-16T12:32:37.657Z] <<< HTTP RESPONSE 200 {"content-type":"application/json; charset=UTF-8","vary":"X-Origin, Referer, Origin,Accept-Encoding","date":"Tue, 16 Jun 2020 12:32:37 GMT","server":"ESF","cache-control":"private","x-xss-protection":"0","x-frame-options":"SAMEORIGIN","x-content-type-options":"nosniff","alt-svc":"h3-27=\":443\"; ma=2592000,h3-25=\":443\"; ma=2592000,h3-T050=\":443\"; ma=2592000,h3-Q050=\":443\"; ma=2592000,h3-Q049=\":443\"; ma=2592000,h3-Q048=\":443\"; ma=2592000,h3-Q046=\":443\"; ma=2592000,h3-Q043=\":443\"; ma=2592000,quic=\":443\"; ma=2592000; v=\"46,43\"","accept-ranges":"none","transfer-encoding":"chunked"}
[debug] [2020-06-16T12:32:39.662Z] >>> HTTP REQUEST GET https://cloudfunctions.googleapis.com/v1/operations/dHVzY2hlZHVsZS1kYjVmOC91cy1jZW50cmFsMS9uZXh0anNGdW5jL09ESFlGQnlQNEJJ  
 
[debug] [2020-06-16T12:32:40.002Z] <<< HTTP RESPONSE 200 {"content-type":"application/json; charset=UTF-8","vary":"X-Origin, Referer, Origin,Accept-Encoding","date":"Tue, 16 Jun 2020 12:32:39 GMT","server":"ESF","cache-control":"private","x-xss-protection":"0","x-frame-options":"SAMEORIGIN","x-content-type-options":"nosniff","alt-svc":"h3-27=\":443\"; ma=2592000,h3-25=\":443\"; ma=2592000,h3-T050=\":443\"; ma=2592000,h3-Q050=\":443\"; ma=2592000,h3-Q049=\":443\"; ma=2592000,h3-Q048=\":443\"; ma=2592000,h3-Q046=\":443\"; ma=2592000,h3-Q043=\":443\"; ma=2592000,quic=\":443\"; ma=2592000; v=\"46,43\"","accept-ranges":"none","transfer-encoding":"chunked"}
[debug] [2020-06-16T12:32:42.008Z] >>> HTTP REQUEST GET https://cloudfunctions.googleapis.com/v1/operations/dHVzY2hlZHVsZS1kYjVmOC91cy1jZW50cmFsMS9uZXh0anNGdW5jL09ESFlGQnlQNEJJ  
 
[debug] [2020-06-16T12:32:42.298Z] <<< HTTP RESPONSE 200 {"content-type":"application/json; charset=UTF-8","vary":"X-Origin, Referer, Origin,Accept-Encoding","date":"Tue, 16 Jun 2020 12:32:42 GMT","server":"ESF","cache-control":"private","x-xss-protection":"0","x-frame-options":"SAMEORIGIN","x-content-type-options":"nosniff","alt-svc":"h3-27=\":443\"; ma=2592000,h3-25=\":443\"; ma=2592000,h3-T050=\":443\"; ma=2592000,h3-Q050=\":443\"; ma=2592000,h3-Q049=\":443\"; ma=2592000,h3-Q048=\":443\"; ma=2592000,h3-Q046=\":443\"; ma=2592000,h3-Q043=\":443\"; ma=2592000,quic=\":443\"; ma=2592000; v=\"46,43\"","accept-ranges":"none","transfer-encoding":"chunked"}
[debug] [2020-06-16T12:32:44.302Z] >>> HTTP REQUEST GET https://cloudfunctions.googleapis.com/v1/operations/dHVzY2hlZHVsZS1kYjVmOC91cy1jZW50cmFsMS9uZXh0anNGdW5jL09ESFlGQnlQNEJJ  
 
[debug] [2020-06-16T12:32:44.602Z] <<< HTTP RESPONSE 200 {"content-type":"application/json; charset=UTF-8","vary":"X-Origin, Referer, Origin,Accept-Encoding","date":"Tue, 16 Jun 2020 12:32:44 GMT","server":"ESF","cache-control":"private","x-xss-protection":"0","x-frame-options":"SAMEORIGIN","x-content-type-options":"nosniff","alt-svc":"h3-27=\":443\"; ma=2592000,h3-25=\":443\"; ma=2592000,h3-T050=\":443\"; ma=2592000,h3-Q050=\":443\"; ma=2592000,h3-Q049=\":443\"; ma=2592000,h3-Q048=\":443\"; ma=2592000,h3-Q046=\":443\"; ma=2592000,h3-Q043=\":443\"; ma=2592000,quic=\":443\"; ma=2592000; v=\"46,43\"","accept-ranges":"none","transfer-encoding":"chunked"}
[debug] [2020-06-16T12:32:46.608Z] >>> HTTP REQUEST GET https://cloudfunctions.googleapis.com/v1/operations/dHVzY2hlZHVsZS1kYjVmOC91cy1jZW50cmFsMS9uZXh0anNGdW5jL09ESFlGQnlQNEJJ  
 
[debug] [2020-06-16T12:32:46.977Z] <<< HTTP RESPONSE 200 {"content-type":"application/json; charset=UTF-8","vary":"X-Origin, Referer, Origin,Accept-Encoding","date":"Tue, 16 Jun 2020 12:32:46 GMT","server":"ESF","cache-control":"private","x-xss-protection":"0","x-frame-options":"SAMEORIGIN","x-content-type-options":"nosniff","alt-svc":"h3-27=\":443\"; ma=2592000,h3-25=\":443\"; ma=2592000,h3-T050=\":443\"; ma=2592000,h3-Q050=\":443\"; ma=2592000,h3-Q049=\":443\"; ma=2592000,h3-Q048=\":443\"; ma=2592000,h3-Q046=\":443\"; ma=2592000,h3-Q043=\":443\"; ma=2592000,quic=\":443\"; ma=2592000; v=\"46,43\"","accept-ranges":"none","transfer-encoding":"chunked"}
[debug] [2020-06-16T12:32:48.982Z] >>> HTTP REQUEST GET https://cloudfunctions.googleapis.com/v1/operations/dHVzY2hlZHVsZS1kYjVmOC91cy1jZW50cmFsMS9uZXh0anNGdW5jL09ESFlGQnlQNEJJ  
 
[debug] [2020-06-16T12:32:49.302Z] <<< HTTP RESPONSE 200 {"content-type":"application/json; charset=UTF-8","vary":"X-Origin, Referer, Origin,Accept-Encoding","date":"Tue, 16 Jun 2020 12:32:49 GMT","server":"ESF","cache-control":"private","x-xss-protection":"0","x-frame-options":"SAMEORIGIN","x-content-type-options":"nosniff","alt-svc":"h3-27=\":443\"; ma=2592000,h3-25=\":443\"; ma=2592000,h3-T050=\":443\"; ma=2592000,h3-Q050=\":443\"; ma=2592000,h3-Q049=\":443\"; ma=2592000,h3-Q048=\":443\"; ma=2592000,h3-Q046=\":443\"; ma=2592000,h3-Q043=\":443\"; ma=2592000,quic=\":443\"; ma=2592000; v=\"46,43\"","accept-ranges":"none","transfer-encoding":"chunked"}
[debug] [2020-06-16T12:32:51.312Z] >>> HTTP REQUEST GET https://cloudfunctions.googleapis.com/v1/operations/dHVzY2hlZHVsZS1kYjVmOC91cy1jZW50cmFsMS9uZXh0anNGdW5jL09ESFlGQnlQNEJJ  
 
[debug] [2020-06-16T12:32:51.688Z] <<< HTTP RESPONSE 200 {"content-type":"application/json; charset=UTF-8","vary":"X-Origin, Referer, Origin,Accept-Encoding","date":"Tue, 16 Jun 2020 12:32:51 GMT","server":"ESF","cache-control":"private","x-xss-protection":"0","x-frame-options":"SAMEORIGIN","x-content-type-options":"nosniff","alt-svc":"h3-27=\":443\"; ma=2592000,h3-25=\":443\"; ma=2592000,h3-T050=\":443\"; ma=2592000,h3-Q050=\":443\"; ma=2592000,h3-Q049=\":443\"; ma=2592000,h3-Q048=\":443\"; ma=2592000,h3-Q046=\":443\"; ma=2592000,h3-Q043=\":443\"; ma=2592000,quic=\":443\"; ma=2592000; v=\"46,43\"","accept-ranges":"none","transfer-encoding":"chunked"}
[debug] [2020-06-16T12:32:53.692Z] >>> HTTP REQUEST GET https://cloudfunctions.googleapis.com/v1/operations/dHVzY2hlZHVsZS1kYjVmOC91cy1jZW50cmFsMS9uZXh0anNGdW5jL09ESFlGQnlQNEJJ  
 
[debug] [2020-06-16T12:32:54.042Z] <<< HTTP RESPONSE 200 {"content-type":"application/json; charset=UTF-8","vary":"X-Origin, Referer, Origin,Accept-Encoding","date":"Tue, 16 Jun 2020 12:32:53 GMT","server":"ESF","cache-control":"private","x-xss-protection":"0","x-frame-options":"SAMEORIGIN","x-content-type-options":"nosniff","alt-svc":"h3-27=\":443\"; ma=2592000,h3-25=\":443\"; ma=2592000,h3-T050=\":443\"; ma=2592000,h3-Q050=\":443\"; ma=2592000,h3-Q049=\":443\"; ma=2592000,h3-Q048=\":443\"; ma=2592000,h3-Q046=\":443\"; ma=2592000,h3-Q043=\":443\"; ma=2592000,quic=\":443\"; ma=2592000; v=\"46,43\"","accept-ranges":"none","transfer-encoding":"chunked"}
[debug] [2020-06-16T12:32:56.043Z] >>> HTTP REQUEST GET https://cloudfunctions.googleapis.com/v1/operations/dHVzY2hlZHVsZS1kYjVmOC91cy1jZW50cmFsMS9uZXh0anNGdW5jL09ESFlGQnlQNEJJ  
 
[debug] [2020-06-16T12:32:56.396Z] <<< HTTP RESPONSE 200 {"content-type":"application/json; charset=UTF-8","vary":"X-Origin, Referer, Origin,Accept-Encoding","date":"Tue, 16 Jun 2020 12:32:56 GMT","server":"ESF","cache-control":"private","x-xss-protection":"0","x-frame-options":"SAMEORIGIN","x-content-type-options":"nosniff","alt-svc":"h3-27=\":443\"; ma=2592000,h3-25=\":443\"; ma=2592000,h3-T050=\":443\"; ma=2592000,h3-Q050=\":443\"; ma=2592000,h3-Q049=\":443\"; ma=2592000,h3-Q048=\":443\"; ma=2592000,h3-Q046=\":443\"; ma=2592000,h3-Q043=\":443\"; ma=2592000,quic=\":443\"; ma=2592000; v=\"46,43\"","accept-ranges":"none","transfer-encoding":"chunked"}
[debug] [2020-06-16T12:32:58.400Z] >>> HTTP REQUEST GET https://cloudfunctions.googleapis.com/v1/operations/dHVzY2hlZHVsZS1kYjVmOC91cy1jZW50cmFsMS9uZXh0anNGdW5jL09ESFlGQnlQNEJJ  
 
[debug] [2020-06-16T12:32:58.752Z] <<< HTTP RESPONSE 200 {"content-type":"application/json; charset=UTF-8","vary":"X-Origin, Referer, Origin,Accept-Encoding","date":"Tue, 16 Jun 2020 12:32:58 GMT","server":"ESF","cache-control":"private","x-xss-protection":"0","x-frame-options":"SAMEORIGIN","x-content-type-options":"nosniff","alt-svc":"h3-27=\":443\"; ma=2592000,h3-25=\":443\"; ma=2592000,h3-T050=\":443\"; ma=2592000,h3-Q050=\":443\"; ma=2592000,h3-Q049=\":443\"; ma=2592000,h3-Q048=\":443\"; ma=2592000,h3-Q046=\":443\"; ma=2592000,h3-Q043=\":443\"; ma=2592000,quic=\":443\"; ma=2592000; v=\"46,43\"","accept-ranges":"none","transfer-encoding":"chunked"}
[debug] [2020-06-16T12:33:00.758Z] >>> HTTP REQUEST GET https://cloudfunctions.googleapis.com/v1/operations/dHVzY2hlZHVsZS1kYjVmOC91cy1jZW50cmFsMS9uZXh0anNGdW5jL09ESFlGQnlQNEJJ  
 
[debug] [2020-06-16T12:33:01.094Z] <<< HTTP RESPONSE 200 {"content-type":"application/json; charset=UTF-8","vary":"X-Origin, Referer, Origin,Accept-Encoding","date":"Tue, 16 Jun 2020 12:33:01 GMT","server":"ESF","cache-control":"private","x-xss-protection":"0","x-frame-options":"SAMEORIGIN","x-content-type-options":"nosniff","alt-svc":"h3-27=\":443\"; ma=2592000,h3-25=\":443\"; ma=2592000,h3-T050=\":443\"; ma=2592000,h3-Q050=\":443\"; ma=2592000,h3-Q049=\":443\"; ma=2592000,h3-Q048=\":443\"; ma=2592000,h3-Q046=\":443\"; ma=2592000,h3-Q043=\":443\"; ma=2592000,quic=\":443\"; ma=2592000; v=\"46,43\"","accept-ranges":"none","transfer-encoding":"chunked"}
[debug] [2020-06-16T12:33:03.100Z] >>> HTTP REQUEST GET https://cloudfunctions.googleapis.com/v1/operations/dHVzY2hlZHVsZS1kYjVmOC91cy1jZW50cmFsMS9uZXh0anNGdW5jL09ESFlGQnlQNEJJ  
 
[debug] [2020-06-16T12:33:03.462Z] <<< HTTP RESPONSE 200 {"content-type":"application/json; charset=UTF-8","vary":"X-Origin, Referer, Origin,Accept-Encoding","date":"Tue, 16 Jun 2020 12:33:03 GMT","server":"ESF","cache-control":"private","x-xss-protection":"0","x-frame-options":"SAMEORIGIN","x-content-type-options":"nosniff","alt-svc":"h3-27=\":443\"; ma=2592000,h3-25=\":443\"; ma=2592000,h3-T050=\":443\"; ma=2592000,h3-Q050=\":443\"; ma=2592000,h3-Q049=\":443\"; ma=2592000,h3-Q048=\":443\"; ma=2592000,h3-Q046=\":443\"; ma=2592000,h3-Q043=\":443\"; ma=2592000,quic=\":443\"; ma=2592000; v=\"46,43\"","accept-ranges":"none","transfer-encoding":"chunked"}
[debug] [2020-06-16T12:33:05.466Z] >>> HTTP REQUEST GET https://cloudfunctions.googleapis.com/v1/operations/dHVzY2hlZHVsZS1kYjVmOC91cy1jZW50cmFsMS9uZXh0anNGdW5jL09ESFlGQnlQNEJJ  
 
[debug] [2020-06-16T12:33:05.819Z] <<< HTTP RESPONSE 200 {"content-type":"application/json; charset=UTF-8","vary":"X-Origin, Referer, Origin,Accept-Encoding","date":"Tue, 16 Jun 2020 12:33:05 GMT","server":"ESF","cache-control":"private","x-xss-protection":"0","x-frame-options":"SAMEORIGIN","x-content-type-options":"nosniff","alt-svc":"h3-27=\":443\"; ma=2592000,h3-25=\":443\"; ma=2592000,h3-T050=\":443\"; ma=2592000,h3-Q050=\":443\"; ma=2592000,h3-Q049=\":443\"; ma=2592000,h3-Q048=\":443\"; ma=2592000,h3-Q046=\":443\"; ma=2592000,h3-Q043=\":443\"; ma=2592000,quic=\":443\"; ma=2592000; v=\"46,43\"","accept-ranges":"none","transfer-encoding":"chunked"}
